2015-04-20 15:39:09 - Button_B received command ON
2015-04-20 15:39:10 - Button_B received command OFF
2015-04-20 15:39:21 - LOCAL_ROCKER_A_PRESS_UP_DOWN received command ON
2015-04-20 15:39:22 - LOCAL_ROCKER_A_PRESS_UP_DOWN received command OFF
2015-04-20 15:39:24 - LOCAL_ROCKER_A_PRESS_UP_DOWN received command ON
2015-04-20 15:39:25 - LOCAL_ROCKER_A_PRESS_UP_DOWN received command OFF
2015-04-20 15:39:32 - Button_B received command ON
2015-04-20 15:39:38 - Button_B received command OFF
2015-04-20 15:40:13 - LOCAL_ROCKER_A_PRESS_UP_DOWN received command ON
2015-04-20 15:40:14 - LOCAL_ROCKER_A_PRESS_UP_DOWN received command OFF
2015-04-20 15:40:15 - LOCAL_ROCKER_A_PRESS_UP_DOWN received command ON
2015-04-20 15:40:17 - LOCAL_ROCKER_A_PRESS_UP_DOWN received command OFF
2015-04-20 15:40:18 - LOCAL_ROCKER_A_PRESS_UP_DOWN received command ON
2015-04-20 15:40:19 - LOCAL_ROCKER_A_PRESS_UP_DOWN received command OFF
2015-04-20 15:40:22 - LOCAL_ROCKER_A_PRESS_UP_DOWN received command ON
2015-04-20 15:40:23 - LOCAL_ROCKER_A_PRESS_UP_DOWN received command OFF
2015-04-20 15:41:16 - Button_A received command OFF
2015-04-20 15:41:17 - Button_B received command ON
2015-04-20 15:41:18 - Button_B received command OFF
2015-04-20 15:41:31 - Button_B received command ON
2015-04-20 15:41:34 - Button_B received command OFF
2015-04-20 15:41:48 - Button_B received command ON
2015-04-20 15:41:52 - Button_B received command OFF
2015-04-20 15:41:56 - Button_A received command ON
2015-04-20 15:41:57 - Button_A received command OFF
2015-04-20 15:41:59 - Button_A received command ON
2015-04-20 15:42:01 - Button_A received command OFF
2015-04-20 15:43:55 - Button_B received command OFF
2015-04-20 15:53:56 - Button_A received command OFF
2015-04-20 15:53:57 - Button_A received command ON
2015-04-20 15:53:59 - Button_A received command OFF
2015-04-20 15:53:59 - Button_B received command OFF
2015-04-20 15:55:32 - Button_B received command ON
2015-04-20 15:55:33 - Button_B received command OFF
2015-05-04 16:52:31 - Light received command ON
2015-05-04 16:52:36 - Light received command OFF
2015-05-04 16:53:36 - Light received command OFF
2015-05-04 16:54:36 - Light received command OFF
2015-05-04 16:55:36 - Light received command ON
2015-05-04 16:57:07 - Light received command OFF
2015-05-04 16:57:14 - Light received command ON
2015-05-04 16:57:25 - Light received command OFF
2015-05-04 16:57:32 - Light received command ON
2015-05-04 17:15:53 - Button_B received command ON
2015-05-04 17:15:55 - Button_B received command OFF
2015-05-04 17:19:34 - Light received command OFF
2015-05-04 17:19:38 - Light received command ON
2015-05-04 17:24:51 - Light received command OFF
2015-05-04 17:25:05 - Light received command ON
2015-05-04 17:25:19 - Light received command OFF
2015-05-04 17:25:33 - Light received command OFF
2015-05-04 17:25:39 - Light received command ON
2015-05-04 17:32:59 - sayHello received command ON
2015-05-04 17:34:19 - Button_A received command ON
2015-05-04 17:34:19 - Button_A received command OFF
2015-05-04 17:34:20 - Button_B received command ON
2015-05-04 17:34:21 - Button_B received command OFF
2015-05-04 17:36:47 - sayHello received command ON
2015-05-04 17:37:46 - sayHello received command OFF
2015-05-04 17:37:51 - sayHello received command ON
2015-05-04 17:40:44 - sayHello received command ON
2015-05-04 17:40:49 - sayHello received command OFF
2015-05-04 17:41:52 - sayHello received command ON
2015-05-04 17:41:53 - sayHello received command OFF
2015-05-04 17:42:03 - sayHello received command ON
2015-05-04 17:42:30 - sayHello received command OFF
2015-05-04 17:43:41 - sayHello received command ON
2015-05-04 17:44:19 - sayHello received command OFF
2015-05-04 17:44:22 - sayHello received command ON
2015-05-04 17:44:40 - sayHello received command OFF
2015-05-04 17:52:46 - Light received command OFF
2015-05-04 17:52:49 - Button_B received command OFF
2015-05-04 17:52:50 - Button_B received command ON
2015-05-04 17:52:56 - Light received command ON
2015-05-04 17:53:07 - Button_A received command OFF
2015-05-04 17:53:12 - Button_B received command ON
2015-05-04 17:53:15 - Button_B received command OFF
2015-05-04 17:53:23 - Button_A received command ON
2015-05-05 17:14:09 - Light received command ON
2015-05-05 17:14:31 - Light received command OFF
2015-05-05 17:14:35 - Light received command OFF
2015-05-05 17:14:39 - Light received command OFF
2015-05-05 17:14:46 - Light received command ON
2015-05-05 17:15:27 - Light received command OFF
2015-05-05 17:15:30 - Light received command ON
2015-05-05 17:15:33 - Light received command OFF
2015-05-05 17:15:35 - Light received command ON
2015-05-05 17:16:38 - Light received command OFF
2015-05-05 17:16:42 - Light received command ON
2015-05-05 17:17:05 - Light received command ON
2015-05-05 17:17:08 - Light received command OFF
2015-05-05 17:17:10 - Light received command ON
