2015-03-01 13:49:17,164 - Temperature_GF_Corridor  : 17.80000000
2015-03-01 13:49:17,167 - Temperature_GF_Toilet    : 22.00000000
2015-03-01 13:49:17,170 - Temperature_GF_Living    : 21.10000000
2015-03-01 13:49:17,173 - Temperature_GF_Kitchen   : 20.70000000
2015-03-01 13:49:17,176 - Temperature_FF_Bath      : 21.00000000
2015-03-01 13:49:17,179 - Temperature_FF_Office    : 19.70000000
2015-03-01 13:49:17,182 - Temperature_FF_Child     : 18.00000000
2015-03-01 13:49:17,185 - Temperature_FF_Bed       : 19.80000000
2015-03-01 13:50:00,029 - Temperature_GF_Corridor  : 19.20000000
2015-03-01 13:50:00,033 - Temperature_GF_Toilet    : 19.30000000
2015-03-01 13:50:00,037 - Temperature_GF_Living    : 18.50000000
2015-03-01 13:50:00,041 - Temperature_GF_Kitchen   : 20.40000000
2015-03-01 13:50:00,044 - Temperature_FF_Bath      : 21.90000000
2015-03-01 13:50:00,047 - Temperature_FF_Office    : 21.80000000
2015-03-01 13:50:00,050 - Temperature_FF_Child     : 17.90000000
2015-03-01 13:50:00,053 - Temperature_FF_Bed       : 21.40000000
2015-03-01 13:55:00,018 - Temperature_GF_Corridor  : 20.50000000
2015-03-01 13:55:00,030 - Temperature_GF_Toilet    : 18.40000000
2015-03-01 13:55:00,033 - Temperature_GF_Living    : 22.50000000
2015-03-01 13:55:00,035 - Temperature_GF_Kitchen   : 20.20000000
2015-03-01 13:55:00,038 - Temperature_FF_Bath      : 17.70000000
2015-03-01 13:55:00,040 - Temperature_FF_Office    : 20.60000000
2015-03-01 13:55:00,043 - Temperature_FF_Child     : 20.60000000
2015-03-01 13:55:00,045 - Temperature_FF_Bed       : 21.90000000
